2026-05-27 04:36:43: Server is running on port 3000 in production mode
2026-05-27 04:36:43: Socket.io Redis adapter connected
2026-05-27 04:36:43: Server is running on port 3000 in production mode
2026-05-27 04:36:43: Socket.io Redis adapter connected
2026-05-27 04:36:43: Server is running on port 3000 in production mode
2026-05-27 04:36:43: Socket.io Redis adapter connected
2026-05-27 04:36:43: Server is running on port 3000 in production mode
2026-05-27 04:36:43: Socket.io Redis adapter connected
2026-05-27 04:36:43: Server is running on port 3000 in production mode
2026-05-27 04:36:43: Socket.io Redis adapter connected
2026-05-27 04:36:43: Server is running on port 3000 in production mode
2026-05-27 04:36:43: Socket.io Redis adapter connected
2026-05-27 04:36:43: Server is running on port 3000 in production mode
2026-05-27 04:36:43: Socket.io Redis adapter connected
2026-05-27 04:36:43: Server is running on port 3000 in production mode
2026-05-27 04:36:43: Socket.io Redis adapter connected
2026-05-27 04:36:43: Server is running on port 3000 in production mode
2026-05-27 04:36:43: Socket.io Redis adapter connected
2026-05-27 04:36:43: Server is running on port 3000 in production mode
2026-05-27 04:36:43: Socket.io Redis adapter connected
2026-05-27 04:36:43: Server is running on port 3000 in production mode
2026-05-27 04:36:43: Socket.io Redis adapter connected
2026-05-27 04:36:43: Server is running on port 3000 in production mode
2026-05-27 04:36:43: Socket.io Redis adapter connected
2026-05-27 04:37:04: a user connected: jkHdorXtf62IoTUbAAAB
2026-05-27 04:37:05: a user connected: 29oFScDyJm_l5GgzAAAB
2026-05-27 04:37:05: a user connected: LBLtdUGvCaBKxeuTAAAB
2026-05-27 04:37:07: a user connected: yimk-EJEPxk6SFXmAAAD
2026-05-27 04:37:08: a user connected: AJuF4Qd7_Xh8YIPiAAAD
2026-05-27 04:37:09: a user connected: IduN1X_0-qJGNL2SAAAF
2026-05-27 04:37:11: a user connected: Y7csDz20UmuBuv6jAAAF
2026-05-27 04:37:12: a user connected: tcJQKseyZSJcrKtLAAAH
2026-05-27 04:37:12: a user connected: uKnLe34fjLhiMS9-AAAH
2026-05-27 04:37:14: a user connected: ZSPKP9EqHHttc3v-AAAJ
2026-05-27 04:37:16: a user connected: MqOQetQUs_DeE9kvAAAJ
2026-05-27 04:37:17: a user connected: GsGAkoM-0pxq1gNYAAAL
2026-05-27 04:37:18: a user connected: fvggwemAdTOENObuAAAL
2026-05-27 04:37:19: a user connected: J1knWlGKqVo4tO45AAAN
2026-05-27 04:37:20: a user connected: P5hT-mRCnlIht8iFAAAN
2026-05-27 04:37:21: a user connected: 04BnCfZd7_7Cak1MAAAP
2026-05-27 04:37:22: a user connected: vDF0YbPda0wKo1XZAAAP
2026-05-27 04:37:24: a user connected: QCyMIwQJhCLESnPOAAAR
2026-05-27 04:37:25: a user connected: KHs6Gsafmua75pWkAAAR
2026-05-27 04:37:26: a user connected: igCvlGmZrLPuZp26AAAT
2026-05-27 04:37:28: a user connected: YJl1fCGfsuif4ht7AAAT
2026-05-27 04:37:30: a user connected: lGsjnM4LJVU-AavoAAAV
2026-05-27 04:37:32: a user connected: ysHYLBbuH3HLlcxAAAAV
2026-05-27 04:37:33: a user connected: pnr_nTRvjXSfO3x3AAAX
2026-05-27 04:37:34: a user connected: 319OXym0VN4TGNB5AAAX
2026-05-27 04:37:35: a user connected: HLr7uOym1N-vHtFRAAAZ
2026-05-27 04:37:36: a user connected: P3bBI3ocuiE5KupcAAAZ
2026-05-27 04:37:37: a user connected: Hwng_NhUB5WeK7T6AAAb
2026-05-27 04:37:39: a user connected: t7zT0faQ3eMQrJUYAAAb
2026-05-27 04:37:41: a user connected: DNOwZJtmkMGwMwROAAAd
2026-05-27 04:37:42: a user connected: sQ9B-86H3VL7iWTpAAAd
2026-05-27 04:37:44: a user connected: aBNxl6mJhF23DlbfAAAf
2026-05-27 04:37:46: a user connected: vc3PPQx9xmc2xBgpAAAf
2026-05-27 04:37:48: a user connected: GBedrZt2wtWzy9bOAAAh
2026-05-27 04:37:49: a user connected: WSUgcUfG-jdd30JbAAAh
2026-05-27 04:37:51: a user connected: GfZ-rPkjlQZV9dZZAAAj
2026-05-27 04:37:52: a user connected: ZtDiWqHjk5E1fV8zAAAj
2026-05-27 04:37:53: a user connected: JGJLPAfzcf7KrdVdAAAl
2026-05-27 04:37:54: a user connected: _NfCWolDoBlMBjVcAAAl
2026-05-27 04:37:55: a user connected: 1DYPnPyQhn5B_3hBAAAn
2026-05-27 04:37:57: a user connected: wNr2-HiOgds4-_7LAAAn
2026-05-27 04:37:58: a user connected: 37IZptLQOFBCDE-2AAAp
2026-05-27 04:38:00: a user connected: 0F9nOrtt1M8vlzK3AAAp
2026-05-27 04:38:02: a user connected: YWu5GNI4Q_dKoXcDAAAr
2026-05-27 04:38:04: a user connected: roBUukp1npQ9OsPpAAAr
2026-05-27 04:38:05: a user connected: DTE7whjTv8eERiRhAAAt
2026-05-27 04:38:07: a user connected: w1ue9PH-50IdhL5AAAAt
2026-05-27 04:38:09: a user connected: -KIR64FnScb_Pn5LAAAv
2026-05-27 04:38:10: a user connected: jIkN6ooUxMnicz6zAAAv
2026-05-27 04:38:12: a user connected: OUQrJnefNKvTrbd0AAAx
2026-05-27 04:38:14: a user connected: lQXpZux4tfS7VyvFAAAx
2026-05-27 04:38:16: a user connected: 7KjChmQu-mxYDvW4AAAz
2026-05-27 04:38:17: a user connected: rnAbaAaTM8MwUNGLAAA1
2026-05-27 04:38:19: a user connected: Q1sgMJqrW8wNqjAoAAAz
2026-05-27 04:38:21: a user connected: SVjCx83ZdrQbgy_VAAA3
2026-05-27 04:38:22: a user connected: EMPCx4XnTWPV9gnfAAA1
2026-05-27 04:38:24: a user connected: v352sLTDDCif8VdbAAA5
2026-05-27 04:38:25: a user connected: oLAWhNmlqv94BHHAAAA3
2026-05-27 04:38:26: a user connected: GysA2O2QSO8_FQvQAAA7
2026-05-27 04:38:28: a user connected: ftkmL2HZ7IEMdlA_AAA5
2026-05-27 04:38:30: a user connected: HOVehk64-2adEHqJAAA9
2026-05-27 04:38:31: a user connected: X5x1WRJuoz1kx37UAAA7
2026-05-27 04:38:33: a user connected: MiW9VK27uZQrBz55AAA_
2026-05-27 04:38:35: a user connected: 1Eb1U-4V5MvZDwBgAAA9
2026-05-27 04:38:36: a user connected: AlnpgSGs3fefWdikAABB
2026-05-27 04:38:38: a user connected: Q_uu9r9FpTlHt2FjAAA_
2026-05-27 04:38:40: a user connected: Shj-H5o6hHFpWJ7MAABD
2026-05-27 04:38:42: a user connected: KWnJOuJUHDayNwg3AABB
2026-05-27 04:38:43: a user connected: f8B0AmTwsIWsKBp7AABF
2026-05-27 04:38:44: a user connected: mBxqbQS5qqds65MTAABD
2026-05-27 04:38:45: a user connected: 12dRxWQu9xKo8ia-AABH
2026-05-27 04:38:47: a user connected: sy1e8k8eKCK-et_7AABF
2026-05-27 04:38:49: a user connected: A51NFP9IHuRKBE24AABJ
2026-05-27 04:38:51: a user connected: 5bxRjTSlO_shb0IJAABH
2026-05-27 04:38:53: a user connected: lAKdWaFZQXzaSGHAAABL
2026-05-27 04:38:54: a user connected: P4eEwD9mXX7_duVNAABJ
2026-05-27 04:38:56: a user connected: _-xQ6iNI2MGPzbThAABN
2026-05-27 04:38:58: a user connected: ZFaL07iyBKuNuyA0AABL
2026-05-27 04:39:00: a user connected: i22-Dk6wFqxqjuSsAABP
2026-05-27 04:39:02: a user connected: fgjbk-oU6AQRuHIDAABN
2026-05-27 04:39:03: a user connected: 7FERjwjayhET3yHyAABR
2026-05-27 04:39:05: a user connected: uqPcVndFElhO_6cQAABP
2026-05-27 04:39:07: a user connected: oBY9sEb2WP_2xl8gAABT
2026-05-27 04:39:09: a user connected: SNuupahJXZOgSBMLAABR
2026-05-27 04:39:11: a user connected: tnkxhSTuBjnE3NgKAABV
2026-05-27 04:39:37: a user connected: hLiaGDZZRcQtHOauAAAB
2026-05-27 04:39:38: a user connected: h4PjfhMHo7Cc6MbXAABX
2026-05-27 04:39:39: a user connected: C2KoOAzbi5VLrDZ3AAAD
2026-05-27 04:39:41: a user connected: rkHYg6Gqzbu7DcPmAABZ
2026-05-27 04:39:43: a user connected: vR4ihXrJ2Wzi4akVAAAF
2026-05-27 04:39:44: a user connected: sTavqNIjsPnzp8HmAABb
2026-05-27 04:39:45: a user connected: Hs09MFKTNQMU1tqLAAAH
2026-05-27 04:39:46: a user connected: iRFQY0jdPSPAyt5lAABd
2026-05-27 04:39:48: a user connected: hMSM5cZnqxHzO0NfAAAJ
2026-05-27 04:39:49: a user connected: LMTUpplrfhSc3DjUAABf
2026-05-27 04:39:50: a user connected: JfGHwhTFSHjtGTuwAAAL
2026-05-27 04:39:51: a user connected: AY3mMKDXNnmjUZAlAAAN
2026-05-27 04:39:53: a user connected: E6IL-rTkuejlyHQ8AABh
2026-05-27 04:39:54: a user connected: oK8SlCuivo1hObajAAAP
2026-05-27 04:39:56: a user connected: 2kqCow7k6AnfHRjcAABj
2026-05-27 04:39:58: a user connected: UPT-6dKEJ6bUwl4tAAAR
2026-05-27 04:40:00: a user connected: orsFX5BdTxjFkQF2AABl
2026-05-27 04:40:02: a user connected: QZka4h0wxcUPA_QmAAAT
2026-05-27 04:40:03: a user connected: oGabs5P5kWP1CJ0qAAAV
2026-05-27 04:40:05: a user connected: ZLSseuiay25FYsGbAABn
2026-05-27 04:40:07: a user connected: caxNnCF8ZxyX3nSyAAAX
2026-05-27 04:40:09: a user connected: -ZFb23E2n6P3rcd8AABp
2026-05-27 04:40:10: a user connected: LvSzRjwVxC_-CHmkAAAZ
2026-05-27 04:40:11: a user connected: 6HIczhrpjswohv3vAABr
2026-05-27 04:40:12: a user connected: 4zLtTGkzdQyiDf7fAAAb
2026-05-27 04:40:14: a user connected: bijxwTAKau6a2uKPAABt
2026-05-27 04:40:16: a user connected: tldztZEqaOmKY1M_AAAd
2026-05-27 04:40:17: a user connected: OSjvj_BOzdHHHJVcAABv
2026-05-27 04:40:18: a user connected: YHRzIf-sFViJ6C2cAAAf
2026-05-27 04:40:20: a user connected: 5Dbl1jrDEIvlwYCtAABx
2026-05-27 04:40:21: a user connected: 88zP0fz1ttzgu9veAAAh
2026-05-27 04:40:23: a user connected: 6vEsBCo1VadxrVR3AABz
2026-05-27 04:40:25: a user connected: iD4vDgh09Y-BBvt8AAAj
2026-05-27 04:40:26: a user connected: Szi9CsJxR0wiM2lSAAB1
2026-05-27 04:40:27: a user connected: EYJOntu-upHQAkpkAAAl
2026-05-27 04:40:29: a user connected: jI-MlXdzgpyTDPOFAAB3
2026-05-27 04:40:31: a user connected: KZu3tmckSOsobgrUAAAn
2026-05-27 04:40:33: a user connected: MPCH-YCvR1H3gnKvAAB5
2026-05-27 04:40:34: a user connected: fVMDnWk2YkodP7VRAAAp
2026-05-27 04:40:36: a user connected: KBKrPL3T-pkT7BWaAAB7
2026-05-27 04:40:38: a user connected: gtltR25AQVnFct_7AAAr
2026-05-27 04:40:40: a user connected: 2VrVwpN1Tte7njp0AAB9
2026-05-27 04:40:42: a user connected: iRHWpibyKa_LsCCcAAAt
2026-05-27 04:40:44: a user connected: 2AsIndsJpIUbKcZrAAB_
2026-05-27 04:40:46: a user connected: Ac-BPbjK3DgrDJliAAAv
2026-05-27 04:40:47: a user connected: _gjyfiUtLZsYGSiuAACB
2026-05-27 04:40:48: a user connected: OP9-rvuVP7YNdvxvAAAx
2026-05-27 04:40:50: a user connected: KkXWjShbHyZLSEQBAACD
2026-05-27 04:40:52: a user connected: rXPc9K1twCmNOiHNAAAz
2026-05-27 04:40:54: a user connected: R9U-14p9yWkGdjJdAACF
2026-05-27 04:40:55: a user connected: QB1lwNYsiUWtRhqjAAA1
2026-05-27 04:40:57: a user connected: ch3Sst2TmVi-gJPNAACH
2026-05-27 04:40:59: a user connected: GE9q0PQ5DmXvoi-xAAA3
2026-05-27 04:41:00: a user connected: xG_Q6K_izjxkx-P1AACJ
2026-05-27 04:41:02: a user connected: vbKWihOWjq8Kif6HAAA5
2026-05-27 04:41:04: a user connected: 01xsZjTqsI2lX6yRAAA7
2026-05-27 04:41:06: a user connected: PVq4cB3muDh7XLYwAAA9
2026-05-27 04:41:32: a user connected: QL3f9a7m3j4h_nOwAABT
2026-05-27 04:41:33: a user connected: _qeyMfjAhWtReLWTAAA_
2026-05-27 04:41:59: a user connected: ao2gAbDbihiTm0dxAAAB
2026-05-27 04:42:01: a user connected: BjFcJ3XEevCS-wFvAAAD
2026-05-27 04:42:02: a user connected: 7Arzs_89-A77SCNrAABB
2026-05-27 04:42:03: a user connected: btWC0mTZUjAOueMaAAAF
2026-05-27 04:42:05: a user connected: 0KlkBHkC0ws5VqcAAABD
2026-05-27 04:42:06: a user connected: XsuFo5LZYJrS-v2IAAAH
2026-05-27 04:42:07: a user connected: hKrikkGJqfeilKrHAABF
2026-05-27 04:42:09: a user connected: Q0jlLjqWQFcrhpFAAAAJ
2026-05-27 04:42:10: a user connected: omBq0CgRhXXDrRyqAAAL
2026-05-27 04:42:11: a user connected: BJw-bpI3mbV6--_aAABH
2026-05-27 04:42:13: a user connected: TZG4F4isBnrIOrS-AAAN
2026-05-27 04:42:14: a user connected: FMEayE_gkQw0r4E3AABJ
2026-05-27 04:42:15: a user connected: 7ne5sNgUZBO7KtAPAAAP
2026-05-27 04:42:17: a user connected: Psz-uKmo9I9xjr7BAABL
2026-05-27 04:42:18: a user connected: PkGTdARl1g3Qwc1eAAAR
2026-05-27 04:42:19: a user connected: hWSxCmC9TrGCo9xrAABN
2026-05-27 04:42:20: a user connected: LzQXKst8sshVCuXcAAAT
2026-05-27 04:42:22: a user connected: DBPA3roqT49sr7l8AABP
2026-05-27 04:42:24: a user connected: cAud4KmCpA2F2do7AAAV
2026-05-27 04:42:26: a user connected: Q8A8fMg2J5hqe_URAABR
2026-05-27 04:42:28: a user connected: hQssvwJvqbzLfW0HAAAX
2026-05-27 04:42:29: a user connected: h7jM8enIUoJPwN6vAABT
2026-05-27 04:42:31: a user connected: 8xzEFuo4UU2e6K2OAAAZ
2026-05-27 04:42:33: a user connected: _lcrnQpkaE9MVttVAABV
2026-05-27 04:42:34: a user connected: BtlZXaysppHCGe-YAAAb
2026-05-27 04:42:36: a user connected: sdiWh2K_crYdqN_xAABX
2026-05-27 04:42:38: a user connected: kq8KQcnNKyzNxES5AAAd
2026-05-27 04:42:39: a user connected: 4l1uScUfZAVSbmyDAABZ
2026-05-27 04:42:40: a user connected: Qn-TuMTD45EVJsioAABb
2026-05-27 04:42:42: a user connected: 4j9zcGZJcpdamyBgAAAf
2026-05-27 04:42:44: a user connected: cakPWZpsX5wL1pbuAABd
2026-05-27 04:42:45: a user connected: u2Iyx8X1WBp1W7YyAAAh
2026-05-27 04:42:47: a user connected: b7p0Ah-0Xi--8BHUAABf
2026-05-27 04:42:48: a user connected: N6gbyQfdiO-0K9aCAAAj
2026-05-27 04:42:50: a user connected: CG5t27W6as1-X07TAABh
2026-05-27 04:42:51: a user connected: 9BCIIgS1pS9daH1gAAAl
2026-05-27 04:42:52: a user connected: 3QkuSfGWmOi0ImOBAABj
2026-05-27 04:42:54: a user connected: tgDzgL2bZS_bdHrpAAAn
2026-05-27 04:42:56: a user connected: 8T2iRid--D-80KLbAABl
2026-05-27 04:42:58: a user connected: h_swU3D7HKQnbBnpAAAp
2026-05-27 04:42:59: a user connected: VmNvNUDxedIDk0a5AABn
2026-05-27 04:43:00: a user connected: qV3XHdYRR4OSlGewAAAr
2026-05-27 04:43:01: a user connected: nI276Z-iXcRe06eLAABp
2026-05-27 04:43:03: a user connected: 3UBHJ0sdr7DMWP8KAAAt
2026-05-27 04:43:04: a user connected: zjlvO25Tv_Fiz3d6AABr
2026-05-27 04:43:05: a user connected: k45fMWp7bwusOyaeAAAv
2026-05-27 04:43:07: a user connected: 8OpOlzHUlFth6A0QAABt
2026-05-27 04:43:34: a user connected: xR7u0T9uKBVzrpnGAAAB
2026-05-27 04:43:36: a user connected: HVbfGVAncDNtU11CAAAD
2026-05-27 04:43:37: a user connected: hcfAWweQCcuZXSPhAABv
2026-05-27 04:44:03: a user connected: MQSWypPnOkdAzh-OAAAB
2026-05-27 04:44:04: a user connected: a_speM3yGEG2MiHkAABx
2026-05-27 04:44:05: a user connected: aRZEpjH0Y0LjNx1-AAAD
2026-05-27 04:44:06: a user connected: iiCqkL8jroITsqvhAAAF
2026-05-27 04:44:07: a user connected: Sstif1QSVYV694TvAABz
2026-05-27 04:44:08: a user connected: -w6QotbrvVWH6bEgAAAH
2026-05-27 04:44:09: a user connected: uaek1au3glshVRN3AAB1
2026-05-27 04:44:11: a user connected: 15n455b0Kw8o43ptAAAJ
2026-05-27 04:44:12: a user connected: CrAaJfkxrtfrufPFAAB3
2026-05-27 04:44:13: a user connected: kwFPgwAm0CTwpL8QAAAL
2026-05-27 04:44:15: a user connected: vo537nsITdPU4l0LAAB5
2026-05-27 04:44:16: a user connected: 9GQzhTNlV2ggvVVoAAAN
2026-05-27 04:44:17: a user connected: dfHj1pFTaKBGOGfgAAB7
2026-05-27 04:44:19: a user connected: smzdxWWUTro0l7--AAAP
2026-05-27 04:44:21: a user connected: CizeOLO3_8fvQ67cAAAR
2026-05-27 04:44:22: a user connected: SPyNqMLdMBJFFIeFAAB9
2026-05-27 04:44:23: a user connected: 8c54vEDd35rMUtS-AAAT
2026-05-27 04:44:25: a user connected: eoi8hzqlK_Tz-IRIAAB_
2026-05-27 04:44:26: a user connected: 0TIcGmcghCj12H70AAAV
2026-05-27 04:44:28: a user connected: jhOa5PYnM81JVOuaAACB
2026-05-27 04:44:30: a user connected: jtL3oqmQ0NOC-YrhAAAX
2026-05-27 04:44:31: a user connected: u8BvOnW5eKHQXtKPAACD
2026-05-27 04:44:33: a user connected: -HV2x-hfCnxAu_jKAAAZ
2026-05-27 04:44:34: a user connected: e-2RuneiyauWBjusAACF
2026-05-27 04:44:36: a user connected: c2oK797OlcetlQKKAAAb
2026-05-27 04:44:38: a user connected: Wjpx_l-gr7FePU3gAAAd
2026-05-27 04:44:39: a user connected: a5372yRyzUrIAKUNAACH
2026-05-27 04:44:40: a user connected: na19dPq4-MzJITyfAAAf
2026-05-27 04:44:41: a user connected: Zel4m7s3agE386D0AACJ
2026-05-27 04:44:43: a user connected: 7GJs_hUufDnImldtAACL
2026-05-27 04:44:44: a user connected: Aafw0NXuUV0sprGYAAAh
2026-05-27 04:44:45: a user connected: VdjUS5hIbEJnQ04PAACN
2026-05-27 04:44:47: a user connected: tCmJRh_2OtdcPJfmAAAj
2026-05-27 04:44:48: a user connected: aaNrLFhZq_-SmpAaAACP
2026-05-27 04:44:50: a user connected: d86tunShkSP4f8kOAAAl
2026-05-27 04:44:52: a user connected: _3pa6cZUfWuYEUR_AACR
2026-05-27 04:44:54: a user connected: 8R0LUZbrxo2I5E7mAAAn
2026-05-27 04:44:56: a user connected: aJBuEmwj1tsviuICAACT
2026-05-27 04:44:57: a user connected: URjSNx3ItC53A12sAAAp
2026-05-27 04:44:58: a user connected: zVUtY1hCl1_mTLrgAACV
2026-05-27 04:44:59: a user connected: 0-R7gkX-mywZE68BAAAr
2026-05-27 04:45:01: a user connected: eJ-aA6xfqGvAT53gAACX
2026-05-27 04:45:03: a user connected: UXatTpALxjrjvE77AAAt
2026-05-27 04:45:04: a user connected: tMLOTeAJ8UZYBW1XAACZ
2026-05-27 04:45:06: a user connected: 1Hjh5ZHQmyHIOPbuAAAv
2026-05-27 04:45:08: a user connected: 1X0PLwXYodKlALlfAACb
2026-05-27 04:45:10: a user connected: haeCIFTo6aKacS_uAAAx
2026-05-27 04:45:12: a user connected: 7b3Mmp_9qi96wX8mAACd
2026-05-27 04:45:14: a user connected: yIxJcFVnMMFpKYidAAAz
2026-05-27 04:45:15: a user connected: _lxplbl3KevMZtZMAACf
2026-05-27 04:45:17: a user connected: TyTTKeX-ZYg2_rUyAAA1
2026-05-27 04:45:19: a user connected: sI66s1IWfy-_U67tAACh
2026-05-27 04:45:21: a user connected: _RHR65aIDXWZpnXfAAA3
2026-05-27 04:45:23: a user connected: eYUcBnohv3I18yGhAACj
2026-05-27 04:45:25: a user connected: ukwrwvzh0E_KP-RxAAA5
2026-05-27 04:45:27: a user connected: uGh-mil4R-zMuxZgAACl
2026-05-27 04:45:29: a user connected: kanCdrDA82jC9_1fAAA7
2026-05-27 04:45:30: a user connected: AREcRBMxNRpfqYowAACn
2026-05-27 04:45:31: a user connected: UF3V-xXkn3SmEnuNAAA9
2026-05-27 04:45:32: a user connected: ynYxY4IJOGUjgwj0AACp
2026-05-27 04:45:33: a user connected: RdYJO29zbzovAvxoAAA_
2026-05-27 04:45:35: a user connected: U4nMOJDtiXoMLX0NAACr
2026-05-27 04:45:36: a user connected: aQbM2_xApUxIvpOhAABB
2026-05-27 04:45:37: a user connected: J2MmZ_GYC-Uqr6crAACt
2026-05-27 04:45:38: a user connected: sULKcdCOGwKlw-j7AABD
2026-05-27 04:45:40: a user connected: lWj2ZdjFnOB4e9PBAACv
2026-05-27 04:45:42: a user connected: 3iBl8w_6ZUGCBMEuAABF
2026-05-27 04:45:43: a user connected: JNl_kt6yxbhQEL64AACx
2026-05-27 04:45:45: a user connected: 5FdUdQsgvfH1nt5uAABH
2026-05-27 04:45:46: a user connected: kby4GlUkrJL-u5QTAACz
2026-05-27 04:45:47: a user connected: clQJ2KtqBVABOv4jAABJ
2026-05-27 04:45:48: a user connected: 8-8QTRCTRBILQpfBAAC1
2026-05-27 04:45:50: a user connected: iar3w239BGbOPqPJAABL
2026-05-27 04:45:52: a user connected: FWLGTy1a6SzUyF_6AAC3
2026-05-27 04:45:54: a user connected: -EHBYyYvRo-ohrCDAABN
2026-05-27 04:45:56: a user connected: 3MD8qPB3PgGOHkTEAAC5
2026-05-27 04:45:57: a user connected: JkMLCjWtlL1iP_NjAABP
2026-05-27 04:45:59: a user connected: Vu3zNIm8voK7Vgo9AAC7
2026-05-27 04:46:00: a user connected: otFW0nN7P5WdoMIRAABR
2026-05-27 04:46:01: a user connected: KpDUe1YaaTqaQPEaAAC9
2026-05-27 04:46:03: a user connected: wYmlbDIfqMsg7QVNAABT
2026-05-27 04:46:04: a user connected: qHAcb4Loo95nznXmAAC_
2026-05-27 04:46:05: a user connected: tsPgSSSZQzR6sIHFAABV
2026-05-27 04:46:06: a user connected: Fug9LcIX8oinHdcyAADB
2026-05-27 04:46:08: a user connected: Mg2edcPkstvphOq3AABX
2026-05-27 04:46:10: a user connected: pkGWpEtR5YUXhq2DAADD
2026-05-27 04:46:11: a user connected: rnPrwsRoUfrR_2a3AABZ
2026-05-27 04:46:13: a user connected: xAwJEEPL4raYf86lAADF
2026-05-27 04:46:15: a user connected: 3vEcMZmmwfNRIZoAAABb
2026-05-27 04:46:17: a user connected: uJerjvI_L3C_IlyeAADH
2026-05-27 04:46:19: a user connected: jeuh9XA5fPckyy95AABd
2026-05-27 04:46:20: a user connected: 5dKj16H5a-l508qYAADJ
2026-05-27 04:46:21: a user connected: pOyqvKb6wWibVytDAABf
2026-05-27 04:46:22: a user connected: mvvaVdR-fGK54kUQAADL
2026-05-27 04:46:23: a user connected: Dj8THhjwudx9ZqU4AABh
2026-05-27 04:46:25: a user connected: 70g2WVZOkDEyQWg0AADN
2026-05-27 04:46:26: a user connected: R-7foXCXeHQoVYjfAABj
2026-05-27 04:46:27: a user connected: uq2iu3QBrUwUMB5PAADP
2026-05-27 04:46:28: a user connected: pMcY3eRNWpJGMm84AABl
2026-05-27 04:46:29: a user connected: VYqtTOOS5UnI7vKSAADR
2026-05-27 04:46:31: a user connected: tOZsbH8KwY9e1DP0AABn
2026-05-27 04:46:33: a user connected: N7Ab4QuQONSuBUhnAADT
2026-05-27 04:46:35: a user connected: 0qMaVmdgqbtSRXaGAABp
2026-05-27 04:46:36: a user connected: VaEG9A0EksTnuMzbAADV
2026-05-27 04:46:37: a user connected: pIZWkFnxd6VBqMdPAABr
2026-05-27 04:46:39: a user connected: pI0k1fpjvbiL7xGCAADX
2026-05-27 04:46:40: a user connected: PU64Vt2ftG-bo_ZZAABt
2026-05-27 04:46:41: a user connected: TcgWtXYaUzliHBaNAADZ
2026-05-27 04:46:42: a user connected: lsvzurgtSNmEDWfWAABv
2026-05-27 04:46:44: a user connected: MGGHWJPPG85hL9LWAADb
2026-05-27 04:46:46: a user connected: 4E-Qjsg1nKn5sXMJAABx
2026-05-27 04:46:48: a user connected: cH3g6DLuUxLuh2pJAADd
2026-05-27 04:46:50: a user connected: bPeMbO7xBPIzoLv-AABz
2026-05-27 04:46:52: a user connected: K8Nqh75EcTVVCSmAAADf
2026-05-27 04:46:53: a user connected: VS_QRHV3KdPf8IyuAAB1
2026-05-27 04:46:54: a user connected: PCNioxilLYcGxv7xAADh
2026-05-27 04:46:55: a user connected: uB-_3vH_hNdOQZ1NAAB3
2026-05-27 04:46:56: a user connected: I2wj6jgVD0jRtl7GAADj
2026-05-27 04:46:58: a user connected: gloJXjAq-91ovRh_AAB5
2026-05-27 04:47:00: a user connected: CnVqEWYUH6dbQThqAADl
2026-05-27 04:47:01: a user connected: O6KdGIAsi1UyI_l3AAB7
2026-05-27 04:47:03: a user connected: KeAY2RSOebiVxUlDAAB9
2026-05-27 04:47:04: a user connected: YKNvkxwJalJ6R9TlAADn
2026-05-27 04:47:06: a user connected: 1SSzGyl_q6aSPWaWAAB_
2026-05-27 04:47:07: a user connected: H1y74xyB4roxAaL0AADp
2026-05-27 04:47:09: a user connected: errlot7LX20esYEuAACB
2026-05-27 04:47:10: a user connected: pWPWStOXABZjekXZAADr
2026-05-27 04:47:37: a user connected: VY_-O1hc20yJgm7EAAAF
2026-05-27 04:47:38: a user connected: ZLOSJSIkyZN96Km4AADt
2026-05-27 04:47:40: a user connected: 1XCP1sxesSf9NbJOAAAH
2026-05-27 04:47:42: a user connected: 7igTRq-TltFYm_5AAADv
2026-05-27 04:47:43: a user connected: 0nMfLhe73wN0ddWnAAAJ
2026-05-27 04:47:44: a user connected: nr7LrhMFTRy7i_P5AADx
2026-05-27 04:47:46: a user connected: kPylP35wAC_hcrTVAAAL
2026-05-27 04:47:48: a user connected: AMuLG-tBgutMfLHbAADz
2026-05-27 04:47:49: a user connected: ZlmLj6ATtvsnivPCAAAN
2026-05-27 04:47:51: a user connected: 3ss0Mwh1kr8xvI7jAAD1
2026-05-27 04:47:53: a user connected: UEbX3VpS5fH0izcGAAAP
2026-05-27 04:47:54: a user connected: gNyDEAqVK_RnNmICAAD3
2026-05-27 04:47:56: a user connected: xTtXs1unN6Sbf-Y-AAAR
2026-05-27 04:47:57: a user connected: gHpLYplZRg48y5NPAAD5
2026-05-27 04:47:58: a user connected: OYgzaNeaQsU9zbFjAAD7
2026-05-27 04:47:59: a user connected: u6PCiYp8k0KVMiKXAAAT
2026-05-27 04:48:01: a user connected: PpRQbZ876seOERjRAAD9
2026-05-27 04:48:03: a user connected: rq9NP6Pab5Gwk7m6AAAV
2026-05-27 04:48:04: a user connected: aGccBPOwEvD3WoaiAAD_
2026-05-27 04:48:06: a user connected: 4_vyYPGJgqICJ-FbAAAX
2026-05-27 04:48:08: a user connected: jJ4mQin5bga0D2tfAAEB
2026-05-27 04:48:09: a user connected: sTAsw_CKTmJk1TsOAAAZ
2026-05-27 04:48:10: a user connected: ijYt6I3Fk80xCQUEAAED
2026-05-27 04:48:11: a user connected: KXNPChtxpkJe5i_wAAAb
2026-05-27 04:48:13: a user connected: pGFa3RWn3YlRhnKDAAEF
2026-05-27 04:48:14: a user connected: dCyz82Hrf5lZx9jeAAAd
2026-05-27 04:48:16: a user connected: e8teyrZPcKVIpPXKAAEH
2026-05-27 04:48:18: a user connected: ywU2edIsdpkmcMRBAAAf
2026-05-27 04:48:20: a user connected: lHu_ngyk5j812jr9AAEJ
2026-05-27 04:48:21: a user connected: zQHAWFV9q9RVVXtaAAAh
2026-05-27 04:48:23: a user connected: dQQr7-KmiOPm1ylGAAEL
2026-05-27 04:48:24: a user connected: munfy8yCOs6qJtURAAAj
2026-05-27 04:48:26: a user connected: NQG6NV-PAStRK22YAAEN
2026-05-27 04:48:28: a user connected: 47fZSI3Pbuqn-yYIAAAl
2026-05-27 04:48:30: a user connected: ioieYI8U4ffI9Gf8AAEP
2026-05-27 04:48:32: a user connected: nfBGaPArbXcu56U6AAAn
2026-05-27 04:48:33: a user connected: Oym_dJb8KTCI9LgoAAAp
2026-05-27 04:48:35: a user connected: O9wFs9P8CZ7KnsprAAER
2026-05-27 04:48:37: a user connected: 7wd1BQ9Cu_lvM_FWAAAr
2026-05-27 04:48:38: a user connected: YtDM1qC2Dptkr46DAAET
2026-05-27 04:48:40: a user connected: Jpj4G_jgmo8-IPCTAAAt
2026-05-27 04:48:42: a user connected: 9DY5RwoAsJ4LlnPnAAEV
2026-05-27 04:48:44: a user connected: -gIKW40Wj1YaqZV2AAAv
2026-05-27 04:48:45: a user connected: Gm9K2xWjVC_6e2-FAAEX
2026-05-27 04:48:47: a user connected: 8kz-zqVNeDMH_VrFAAAx
2026-05-27 04:48:48: a user connected: 1mDGaPhMkRhYNN8ZAAEZ
2026-05-27 04:48:49: a user connected: 6f9OIfGdEL4YtfrvAAAz
2026-05-27 04:48:50: a user connected: CdxYunurxuMO638iAAEb
2026-05-27 04:48:52: a user connected: DdtWPLE3pl_v2I0OAAA1
2026-05-27 04:48:54: a user connected: cwHLdj1aY6JxMYLTAAEd
2026-05-27 04:48:56: a user connected: GVcleiXmc-Zj44-wAAA3
2026-05-27 04:48:57: a user connected: ej-kcbGi_wetQMnHAAEf
2026-05-27 04:48:58: a user connected: 8ooDpElZ42qQSnYVAAA5
2026-05-27 04:48:59: a user connected: _iKjdL5SUx4FzYXAAAEh
2026-05-27 04:49:00: a user connected: WZXywSyBI2i0dryVAAA7
2026-05-27 04:49:01: a user connected: 8bYuUcDPPl7gw2EUAAEj
2026-05-27 04:49:02: a user connected: oocLqfzyXpd9DXo2AAA9
2026-05-27 04:49:04: a user connected: X9AB5SGCeYSwXxZzAAEl
2026-05-27 04:49:05: a user connected: fSENe0H4987uwUXXAAA_
2026-05-27 04:49:06: a user connected: uCUMmgVp3Vz-h4cdAAEn
2026-05-27 04:49:07: a user connected: BZiKZ89fvlPGJ-Z4AABB
2026-05-27 04:49:08: a user connected: lBpVXYw42S-CRWuLAAEp
2026-05-27 04:49:10: a user connected: jG3IzmXDl9DnoFbnAABD
2026-05-27 04:49:12: a user connected: oaM9BKDErDhR3awaAAEr
2026-05-27 04:49:14: a user connected: VK30l2Z9RxTB7BUHAABF
2026-05-27 04:49:15: a user connected: q8bf7Dwo5MB5PxWUAAEt
2026-05-27 04:49:17: a user connected: kRXnOgy68hLftZ2SAABH
2026-05-27 04:49:18: a user connected: eDu-NPxeBspXQ4g9AAEv
2026-05-27 04:49:19: a user connected: yxCDLL5pFfiNvVuQAABJ
2026-05-27 04:49:21: a user connected: zu-PXWa3zT2CpdvtAAEx
2026-05-27 04:49:22: a user connected: LjEXz4CIdRaUcPlGAABL
2026-05-27 04:49:24: a user connected: ycQAyTG3pmPeXrduAAEz
2026-05-27 04:49:26: a user connected: 16JQ2vPxaq-FYkNAAABN
2026-05-27 04:49:27: a user connected: F1XRzMeQsrLcdxQjAAE1
2026-05-27 04:49:29: a user connected: 24ORacQ8iTVCzLMuAABP
2026-05-27 04:49:31: a user connected: sIqFgqB8j1FZvarpAAE3
2026-05-27 04:49:33: a user connected: -l0eWRcbP87VOqwFAABR
2026-05-27 04:49:34: a user connected: 4GgBso6re4EUbropAAE5
2026-05-27 04:49:35: a user connected: Dm6Nb4FfW6YnT0IJAABT
2026-05-27 04:49:37: a user connected: gNRKu_ydMbfbpgP7AAE7
2026-05-27 04:49:39: a user connected: Vtc6pcNmmylVeXnAAABV
2026-05-27 04:49:41: a user connected: 5wEPFKmW3sr9_EV-AAE9
2026-05-27 04:49:43: a user connected: eNLM9PA-CBi1qwe_AABX
2026-05-27 04:49:44: a user connected: TJ3hF9tEoaWceShkAAE_
2026-05-27 04:49:46: a user connected: KKdqbas2OMFMFd2sAABZ
2026-05-27 04:49:47: a user connected: p3qmVT0TKXvwzf01AAFB
2026-05-27 04:49:49: a user connected: vmEp5xpcyzN-p898AABb
2026-05-27 04:49:51: a user connected: Y4EjxIa9kIoP-6wqAAFD
2026-05-27 04:49:53: a user connected: 6mBissr_di9yNrM5AABd
2026-05-27 04:49:54: a user connected: JQOFgk_SqWY3j-jQAAFF
2026-05-27 04:49:55: a user connected: 1DoPsgLu5BNV53gvAABf
2026-05-27 04:49:57: a user connected: WRNt-2KKArBoF0L8AAFH
2026-05-27 04:49:58: a user connected: E5jbox21uagYS6evAABh
2026-05-27 04:49:59: a user connected: seQMBofOpp8BDTshAAFJ
2026-05-27 04:50:01: a user connected: azZx8cQPt6jiufiHAABj
2026-05-27 04:50:03: a user connected: uIjxu0X1JNxngV6oAAFL
2026-05-27 04:50:05: a user connected: cmf80QqiBPam11QLAABl
2026-05-27 04:50:07: a user connected: SYesvcvvQNt4AAeWAAFN
2026-05-27 04:50:08: a user connected: hg8UW1XxxtVkkihXAABn
2026-05-27 04:50:09: a user connected: OeHugE5nJSjwsADQAAFP
2026-05-27 04:50:10: a user connected: t8F8PNzxupfIxttMAABp
2026-05-27 04:50:11: a user connected: 2Xn4C92QQ3q3btIKAAFR
2026-05-27 04:50:13: a user connected: 20rx40Ai1VYMDbTuAABr
2026-05-27 04:50:14: a user connected: hnrFLzzQTYM4Z-Z-AAFT
2026-05-27 04:50:16: a user connected: _mXl5AxfU8W3wxg2AABt
2026-05-27 04:50:18: a user connected: 8LluwZXoqMYoH6hPAAFV
2026-05-27 04:50:19: a user connected: RZ2Z8AaB3uag4UKSAABv
2026-05-27 04:50:20: a user connected: iSd8AdSLAUY0SIXcAAFX
2026-05-27 04:50:22: a user connected: dq4HOPVwtqLrbHraAABx
2026-05-27 04:50:24: a user connected: 6X7-ylQsdyyvyq2zAAFZ
2026-05-27 04:50:25: a user connected: agcuphwGWARJQ1xNAABz
2026-05-27 04:50:27: a user connected: aHtJd9ndjKYuiF6_AAFb
2026-05-27 04:50:29: a user connected: o1s0R7ZbciQeaxZwAAB1
2026-05-27 04:50:30: a user connected: wRcjDxbDtcz_JuSQAAFd
2026-05-27 04:50:31: a user connected: Eqo7fJN_-_XC7bAvAAB3
2026-05-27 04:50:32: a user connected: io50jSCMYX6zA84lAAFf
2026-05-27 04:50:34: a user connected: hKCQDZx3hxHgYA5sAAB5
2026-05-27 04:50:35: a user connected: I0ppkLV3rtSsgn8XAAFh
2026-05-27 04:50:36: a user connected: 0i4IsNI4Vf-vuMK5AAB7
2026-05-27 04:50:38: a user connected: Hl6Oy5T0NxQ5oHXlAAFj
2026-05-27 04:50:39: a user connected: 6S7TCV8ZgmMdRqkiAAB9
2026-05-27 04:50:41: a user connected: jy_nbzANv8DwQMgKAAFl
2026-05-27 04:50:42: a user connected: 22_xsmkHig_aVAYAAAB_
2026-05-27 04:50:43: a user connected: a1gwQ-2_dXv6QbgYAAFn
2026-05-27 04:50:45: a user connected: AwyhRHLvTge1BTg2AACB
2026-05-27 04:50:47: a user connected: b2E5CoLSXTVOTdykAAFp
2026-05-27 04:50:48: a user connected: 3oCx3m0Bcy-DIPwiAACD
2026-05-27 04:50:49: a user connected: Z-Pukthmq-KMbDj7AAFr
2026-05-27 04:50:50: a user connected: UmYih2XgN-K0MRhHAACF
2026-05-27 04:50:51: a user connected: JgZ05l4I4bPlfkU-AAFt
2026-05-27 04:50:53: a user connected: qYQt0UlTcRkbRfC8AACH
2026-05-27 04:50:55: a user connected: UktHlmYMLHuXyqTsAAFv
2026-05-27 04:50:57: a user connected: dbzjOAP6Bqi7Lti7AACJ
2026-05-27 04:50:59: a user connected: AuJYDh2q89cvYBXJAAFx
2026-05-27 04:51:01: a user connected: 8m3cc7MNZzeUplf2AACL
2026-05-27 04:51:03: a user connected: pGX8QuiLhjUwtPpsAAFz
2026-05-27 04:51:05: a user connected: LNtsNaf411-AoMddAACN
2026-05-27 04:51:07: a user connected: i58mCwnAKT2QspdiAAF1
2026-05-27 04:51:08: a user connected: npC70YpbsysWJz-OAACP
2026-05-27 04:51:10: a user connected: jWrCt0r7gyHa3nS4AAF3
2026-05-27 04:51:12: a user connected: PtrfmydM7mKHEP6QAACR
2026-05-27 04:51:13: a user connected: GfHJorCy65aV3O6QAAF5
2026-05-27 04:51:15: a user connected: cd64brCM2tPuJF1TAACT
2026-05-27 04:51:17: a user connected: gluH7-fV_l76_G0LAAF7
2026-05-27 04:51:19: a user connected: 01SDfgxMJyW14VpFAACV
2026-05-27 04:51:20: a user connected: O_9GB45dxFed5jIwAAF9
2026-05-27 04:51:21: a user connected: XhZ8WPn0CF9ryPqJAACX
2026-05-27 04:51:22: a user connected: fL0wXm6DsyKKHgo8AAF_
2026-05-27 04:51:24: a user connected: k2vfgs5VF1n5z2CKAACZ
2026-05-27 04:51:26: a user connected: OttY9JlGNS4Mjrw-AAGB
2026-05-27 04:51:28: a user connected: oiLLnsxyg8TOnWyyAACb
2026-05-27 04:51:29: a user connected: R_pWd-mYip6FIbxNAAGD
2026-05-27 04:51:31: a user connected: 7-ZaXEOhrul3KQG1AACd
2026-05-27 04:51:33: a user connected: eAlezr6jVV4PqMy0AAGF
2026-05-27 04:51:34: a user connected: 5c1QQs0owxNSGvNpAAGH
2026-05-27 04:51:36: a user connected: IwXiAutoCCf1WhbpAACf
2026-05-27 04:51:37: a user connected: nw_v7TvV1K-h_B8cAAGJ
2026-05-27 04:51:39: a user connected: pt-558Vfem1RGoVHAACh
2026-05-27 04:51:41: a user connected: fOHXcQJ94zL4iCOqAAGL
2026-05-27 04:51:42: a user connected: bcYcc3kXJbpIEJRYAACj
2026-05-27 04:51:43: a user connected: rIYwImqNQo1AAFgTAAGN
2026-05-27 04:51:44: a user connected: oMddSU6a2aLUiwxCAACl
2026-05-27 04:51:46: a user connected: wHVEynP_i3H2WZa4AAGP
2026-05-27 04:51:47: a user connected: Zn_Imt9v5YPo97ktAACn
2026-05-27 04:51:49: a user connected: nxRvWzyz4NZkckv6AAGR
2026-05-27 04:51:50: a user connected: svepOX4fOMV0hokcAACp
2026-05-27 04:51:51: a user connected: AU1aax_6j0m0vKtAAAGT
2026-05-27 04:51:53: a user connected: hRsZIoZo1R7K1tL1AACr
2026-05-27 04:51:54: a user connected: J2Pe775wfcpYQmb7AAGV
2026-05-27 04:51:56: a user connected: 7zB2j43E_a-4nf1RAACt
2026-05-27 04:51:57: a user connected: pEotDTd1KmM6dORZAAGX
2026-05-27 04:51:59: a user connected: sBiXYfw4lLb7YJz7AACv
2026-05-27 04:52:00: a user connected: 6kb-Wyj2VkPsH6TcAAGZ
2026-05-27 04:52:02: a user connected: Ao2HdzNmwH58atn5AACx
2026-05-27 04:52:04: a user connected: pzql65FCwpC-UncuAAGb
2026-05-27 04:52:05: a user connected: yh_8bJqk2IvscGRsAACz
2026-05-27 04:52:06: a user connected: RJD_kyKgaxik7bwaAAGd
2026-05-27 04:52:07: a user connected: Xksjfr37zeWne0wuAAC1
2026-05-27 04:52:08: a user connected: h6QefcM8lmxm1tHnAAGf
2026-05-27 04:52:09: a user connected: f6pLNgUcBRyJIfhqAAC3
2026-05-27 04:52:11: a user connected: yUs7TE88HoR_JPI-AAGh
2026-05-27 04:52:12: a user connected: 5jomj0Ex37iMh_75AAC5
2026-05-27 04:52:13: a user connected: t9Ch3tVZ6w2moYscAAGj
2026-05-27 04:52:14: a user connected: DnJ9oKtxt6eT43DkAAC7
2026-05-27 04:52:16: a user connected: F5WQcp8_8FmYvSb7AAGl
2026-05-27 04:52:18: a user connected: cyWar5kVdfxW8ca6AAC9
2026-05-27 04:52:19: a user connected: sFyULaU8J1WDBmhcAAGn
2026-05-27 04:52:21: a user connected: 3acmmFRx8J6TKLc6AAC_
2026-05-27 04:52:22: a user connected: IZIq_cbYb_aYwPbtAAGp
2026-05-27 04:52:24: a user connected: 8UYu3uj3HVf4bz5oAADB
2026-05-27 04:52:25: a user connected: vMsSnqJA5fyP6tDSAAGr
2026-05-27 04:52:26: a user connected: qd6hSMLDL-fz0wR4AADD
2026-05-27 04:52:28: a user connected: _mryyxpPpWtgDw6qAAGt
2026-05-27 04:52:30: a user connected: MLI8ZPSB1WXwHAG5AADF
2026-05-27 04:52:31: a user connected: FAu9OEo4uHW-mtbgAAGv
2026-05-27 04:52:32: a user connected: Ws3IVA9RVhH9kQQMAADH
2026-05-27 04:52:34: a user connected: 55m3slFdRBFz7ADGAAGx
2026-05-27 04:52:35: a user connected: SDkzI8KB6KuYiYp4AADJ
2026-05-27 04:52:36: a user connected: OF7XPxKdKNNXx-o6AAGz
2026-05-27 04:52:37: a user connected: I3N_VJn1PNhfMDy0AADL
2026-05-27 04:52:39: a user connected: GH0cVw7_tJPDg5_kAAG1
2026-05-27 04:52:41: a user connected: fragtGuDvXvzYs9QAADN
2026-05-27 04:52:43: a user connected: 83kLWnQUhTVzX-SwAAG3
2026-05-27 04:52:45: a user connected: MsjFR0TJJifC6vpzAADP
2026-05-27 04:52:47: a user connected: BUrXehqmnFO9tDyGAAG5
2026-05-27 04:52:49: a user connected: E-5easAfkVTxC8LSAADR
2026-05-27 04:52:51: a user connected: hYD1KvA6fGdwJynJAAG7
2026-05-27 04:52:53: a user connected: 25TLWKgtQZPQm8MXAADT
2026-05-27 04:52:55: a user connected: EIsvcD4iaBzTSM80AAG9
2026-05-27 04:52:57: a user connected: qENsTVWw3hwiB247AADV
2026-05-27 04:52:58: a user connected: -TiWJ7eMqrckO24VAAG_
2026-05-27 04:53:00: a user connected: h7RlAJfTNJwLjFvMAADX
2026-05-27 04:53:01: a user connected: m9E7QcOITxbVIXJRAAHB
2026-05-27 04:53:03: a user connected: secuXzYk2LpHulOFAADZ
2026-05-27 04:53:05: a user connected: VTh-YZA2bHP6ua_EAAHD
2026-05-27 04:53:06: a user connected: Stpxzie2EtV4OlYiAADb
2026-05-27 04:53:07: a user connected: Oy-V4dxIm9Fn2DluAAHF
2026-05-27 04:53:09: a user connected: wC9E-FGOLSA08zp3AADd
2026-05-27 04:53:10: a user connected: iQnaQpdg8JbUrJTjAAHH
2026-05-27 04:53:11: a user connected: zorkgo5oVywTbHm2AADf
2026-05-27 04:53:38: a user connected: 9gDM-kHhg65mEczvAAAB
2026-05-27 04:53:40: a user connected: JzzwVAZeO5ozVy7RAADh
2026-05-27 04:53:41: a user connected: rU63-AMaSlwjUeblAAAD
2026-05-27 04:53:43: a user connected: pkuARhMARLCoHkZUAADj
2026-05-27 04:54:09: a user connected: 7xPU3VTARtPlWeoNAAAB
2026-05-27 04:54:11: a user connected: Gq-zVtvjFXkUuKLHAAAD
2026-05-27 04:54:13: a user connected: OXSIxiUVdo8AcyxMAADl
2026-05-27 04:54:15: a user connected: co5d_bNfO4OxbHE9AAAF
2026-05-27 04:54:17: a user connected: UppnJa7wgJZ4uAVsAADn
2026-05-27 04:54:19: a user connected: -6WmXG1PFKvvEU1jAAAH
2026-05-27 04:54:20: a user connected: MBnoSAfFBrIrHevEAADp
2026-05-27 04:54:21: a user connected: hrNK_38y_7tVbvEtAAAJ
2026-05-27 04:54:23: a user connected: y8AXhUzwPRMuQ2OBAADr
2026-05-27 04:54:25: a user connected: JjYmhWYO0ngghHDpAAAL
2026-05-27 04:54:26: a user connected: wP2hxsuMDJKnEO7qAAAN
2026-05-27 04:54:27: a user connected: t3xBxsBSVvRttORFAADt
2026-05-27 04:54:28: a user connected: uZnpvTUVbO6VX0mEAAAP
2026-05-27 04:54:30: a user connected: cW3DeYUX7YxcKXcTAADv
2026-05-27 04:54:32: a user connected: ERHhHYzhhADmAt9kAAAR
2026-05-27 04:54:33: a user connected: 6oEOVOcJthYhShGHAADx
2026-05-27 04:54:34: a user connected: auP-5k_8kfem4eVkAAAT
2026-05-27 04:54:36: a user connected: pdZ7Ikr4KyPfeyMUAADz
2026-05-27 04:54:37: a user connected: dcFmB8Bcu2vFx_KmAAAV
2026-05-27 04:54:39: a user connected: LfCjiU9avrFRxWcDAAD1
2026-05-27 04:54:41: a user connected: FwG8FFklC3M5Gem4AAAX
2026-05-27 04:54:43: a user connected: Kj7ATHp-N6eBdsN0AAD3
2026-05-27 04:54:44: a user connected: LB_GoqIn6lHg2JPbAAAZ
2026-05-27 04:54:46: a user connected: ZVOr6Z1aS-B4C12UAAD5
2026-05-27 04:54:47: a user connected: ajh_PZIgVzVLhL-cAAAb
2026-05-27 04:54:48: a user connected: uF41REcyR3okJsnNAAD7
2026-05-27 04:54:49: a user connected: BN5wvWSwfjdW3LipAAAd
2026-05-27 04:54:50: a user connected: cPS_anusEvYgXQnBAAD9
2026-05-27 04:54:51: a user connected: xP01O45xw2HMKAeJAAAf
2026-05-27 04:54:53: a user connected: OObQtfiX4opX7MijAAD_
2026-05-27 04:54:54: a user connected: IjqHyCPANnRFR6F4AAEB
2026-05-27 04:54:55: a user connected: n3bRmIXdQt8p4mtEAAAh
2026-05-27 04:54:57: a user connected: ghzaM6zv-Jtu36adAAED
2026-05-27 04:54:58: a user connected: pbgUIep9FVHg0yeFAAAj
2026-05-27 04:54:59: a user connected: h46fecVzGVdR_5vwAAEF
2026-05-27 04:55:00: a user connected: koSoqobSp1poa7F8AAAl
2026-05-27 04:55:01: a user connected: j5mBExq4-f8RdW14AAEH
2026-05-27 04:55:03: a user connected: A9V2IX-M4bjqFVy8AAAn
2026-05-27 04:55:05: a user connected: wgtk-lHOBy8kEGLdAAEJ
2026-05-27 04:55:06: a user connected: wd2JTi96r9AgTfMPAAAp
2026-05-27 04:55:08: a user connected: CIoyJBjSWqiRsiyqAAEL
2026-05-27 04:55:09: a user connected: ubGF8YOIBsCAu58KAAAr
2026-05-27 04:55:11: a user connected: M4tTNw77uys7EAVCAAEN
2026-05-27 04:55:12: a user connected: spHlKrfLUYpKLzINAAAt
2026-05-27 04:55:14: a user connected: AUDr0kyrs6iBX8K8AAEP
2026-05-27 04:55:16: a user connected: SReIMstlmfBMq5RxAAAv
2026-05-27 04:55:18: a user connected: -VPvyfSUWbxX4I4QAAER
2026-05-27 04:55:24: a user connected: DLbrZwenCNIS_vd5AACD
2026-05-27 04:55:26: a user connected: lg0WJvjx7CGUJ3xXAAAB
2026-05-27 04:55:27: a user connected: JD7emWXXRf5sNNjgAAAD
2026-05-27 04:55:28: a user connected: ddwbE4PLhKRYq_PHAACF
2026-05-27 04:55:29: a user connected: AoQti49IYmK6oxODAAAF
2026-05-27 04:55:31: a user connected: q_gGSiG8cbk3_emFAACH
2026-05-27 04:55:32: a user connected: 8kYwk9Bhgnoq7XWQAAAH
2026-05-27 04:55:33: a user connected: suqc3Ein0sOyFfKVAACJ
2026-05-27 04:55:35: a user connected: YDuoK3LJCjiXe7zeAACL
2026-05-27 04:55:37: a user connected: VjKQBGdA3zxshJa_AAAJ
2026-05-27 04:55:39: a user connected: SChNdpWlfWTkFjwJAACN
2026-05-27 04:55:41: a user connected: 1F-LE8pvQI3IOYzWAAAL
2026-05-27 04:55:42: a user connected: l6mwUSmqfr_V8ZJVAACP
2026-05-27 04:55:43: a user connected: TSdyBOSxKPxQXmuOAAAN
2026-05-27 04:55:45: a user connected: NBDJcZQRN815rRUXAAAP
2026-05-27 04:55:47: a user connected: jQ1tLbqCgNcmI1jkAACR
2026-05-27 04:55:49: a user connected: 909vFJLG8sGQiz5zAAAR
2026-05-27 04:55:51: a user connected: TqpFMGhfg_EhGpKPAACT
2026-05-27 04:55:52: a user connected: ZBKOqkIgq_PxvvkeAAAT
2026-05-27 04:55:54: a user connected: BX23rj9g35jLhPsaAACV
2026-05-27 04:55:56: a user connected: BFXxaeeaIMyULXQOAAAV
2026-05-27 04:55:58: a user connected: T9faruATfPF6n-yGAAAX
2026-05-27 04:55:59: a user connected: oPAOXDucVo-9ng5pAACX
2026-05-27 04:56:00: a user connected: kG8WAZhCYG0HuTz3AAAZ
2026-05-27 04:56:02: a user connected: qBHDfI7gEsmgiqruAACZ
2026-05-27 04:56:03: a user connected: UXbxyX0yGr1vFlsJAAAb
2026-05-27 04:56:05: a user connected: uS-YAqE7sF-5IZzgAACb
2026-05-27 04:56:06: a user connected: 8X8h975Sd5Sq63eJAAAd
2026-05-27 04:56:08: a user connected: OmfX9jmaUH8dIT_pAACd
2026-05-27 04:56:09: a user connected: h7-LDXC0Yb40OtxTAAAf
2026-05-27 04:56:11: a user connected: 1qIHG1bz7FFFjORQAACf
2026-05-27 04:56:13: a user connected: jLzx-kVSP2tlXiU1AAAh
2026-05-27 04:56:15: a user connected: VRA5Be7g3KaaibLHAACh
2026-05-27 04:56:16: a user connected: s4KbEfcaCByyeeisAAAj
2026-05-27 04:56:17: a user connected: PFjq0lWM0QjbSis_AACj
2026-05-27 04:56:18: a user connected: gamlrU2iocPmOuutAAAl
2026-05-27 04:56:19: a user connected: bA7bJ4l1v8fFq0eCAACl
2026-05-27 04:56:20: a user connected: WvTwd2endQ8PPlRkAAAn
2026-05-27 04:56:22: a user connected: geucZiSGhCkLEdRFAACn
2026-05-27 04:56:24: a user connected: tTphqMWXqEZEcR6gAAAp
2026-05-27 04:56:26: a user connected: U-S_mJRvqbdbseCYAACp
2026-05-27 04:56:27: a user connected: 4IwQi14ixF9P3IJVAAAr
2026-05-27 04:56:28: a user connected: RnjRRFUYbUUqGQHjAACr
2026-05-27 04:56:30: a user connected: qnCJjgCDFleCXc5tAAAt
2026-05-27 04:56:31: a user connected: rdYa6rOLnSJQqlbSAACt
2026-05-27 04:56:33: a user connected: CeZVjIiS75sxi9xdAAAv
2026-05-27 04:56:34: a user connected: THopawNz8E2Q2-2ZAACv
2026-05-27 04:56:36: a user connected: 6OTT3I78g78gfS9KAAAx
2026-05-27 04:56:38: a user connected: x390uVqLCXET1rDuAACx
2026-05-27 04:56:40: a user connected: z2yKDxmPXssfqSl4AAAz
2026-05-27 04:56:42: a user connected: ynSltWxPQPwobiK7AACz
2026-05-27 04:56:43: a user connected: L25VTWZPKKTxs_-9AAA1
2026-05-27 04:56:45: a user connected: B-8HNkttmvIT8viiAAC1
2026-05-27 04:56:47: a user connected: Ns8ilW4NKSceofnOAAA3
2026-05-27 04:56:49: a user connected: lPp-XJR15XOsxPckAAC3
2026-05-27 04:56:51: a user connected: zm2qpXNbgAb-j2yMAAA5
2026-05-27 04:56:52: a user connected: BX6WG_xRL0VY9IaHAAC5
2026-05-27 04:56:54: a user connected: ZmTPBUU_Muf1_StoAAA7
2026-05-27 04:56:56: a user connected: tsBvmRVYPkJ_MoPdAAC7
2026-05-27 04:56:58: a user connected: YNQYCDocm8Kt-z7mAAA9
2026-05-27 04:57:00: a user connected: aoJjO84AitNSADWCAAC9
2026-05-27 04:57:01: a user connected: FwVbZ5SzUIHDfS17AAA_
2026-05-27 04:57:03: a user connected: KtMGGD7YQJCHLoaTAAC_
2026-05-27 04:57:05: a user connected: -xD0ZRKAzU1RZXTCAABB
2026-05-27 04:57:07: a user connected: soEZRPPkUBUu1XgvAADB
2026-05-27 04:57:08: a user connected: cBZZENoF9BKG5jJaAADD
2026-05-27 04:57:10: a user connected: OWIFaYlRfDAwUf9mAABD
2026-05-27 04:57:12: a user connected: q40ZkUNlWVDr3B7SAADF
2026-05-27 04:57:14: a user connected: K8HHodXb4zEN4Ja_AABF
2026-05-27 04:57:16: a user connected: D10KfkJRM0ZRgo3dAADH
2026-05-27 04:57:18: a user connected: 3Oty_GV4zalmNDZVAABH
2026-05-27 04:57:19: a user connected: e3g4L8JT8mNaJHBoAADJ
2026-05-27 04:57:21: a user connected: vKC3iZuMLmgJs1EEAABJ
2026-05-27 04:57:22: a user connected: sxgrMYkZ06jG1FeSAADL
2026-05-27 04:57:23: a user connected: zVsUomx6kuV-2zoRAABL
2026-05-27 04:57:25: a user connected: JCY-42jCMhZsgs9fAADN
2026-05-27 04:57:27: a user connected: sk8FRRn6xTTSW44pAABN
2026-05-27 04:57:29: a user connected: ba6ERwGuKPNx55lHAADP
2026-05-27 04:57:31: a user connected: RJgcgjHRfVJ5zSsNAABP
2026-05-27 04:57:32: a user connected: 1Rec6OV5-cCDKsvdAADR
2026-05-27 04:57:34: a user connected: 555gft2konq_z54wAABR
2026-05-27 04:57:36: a user connected: eYokDGKyGvXEtNADAADT
2026-05-27 04:57:37: a user connected: Y7ZIw5aPqb8-F9DdAABT
2026-05-27 04:57:38: a user connected: rCkE3ohVFM_FSS1FAADV
2026-05-27 04:57:39: a user connected: lD5OStSan0TSFPdwAABV
2026-05-27 04:57:40: a user connected: tDyifKaMw1EtgVaTAADX
2026-05-27 04:57:41: a user connected: -JKKhNsMqS4eexG3AABX
2026-05-27 04:57:43: a user connected: Cr_tG9eIsrp8PynOAADZ
2026-05-27 04:57:44: a user connected: Kcm-0B017nBQbuuYAABZ
2026-05-27 04:57:45: a user connected: 5Q2AndoQ7RYPNr-jAADb
2026-05-27 04:57:46: a user connected: 53MJBVFflepln1keAABb
2026-05-27 04:57:47: a user connected: G76nVEu4duoiCtlbAADd
2026-05-27 04:57:48: a user connected: B4m6Or9CMPJ1g4oVAABd
2026-05-27 04:57:50: a user connected: xy79AkTI1kVmkIgQAADf
2026-05-27 04:57:52: a user connected: qVnx6nKuy44MAxVRAABf
2026-05-27 04:57:54: a user connected: u3d9jARdeqnZ_CaMAADh
2026-05-27 04:57:55: a user connected: cE1i8uzdI9gm91awAABh
2026-05-27 04:57:57: a user connected: HAHzgTzt6HuW0-NCAADj
2026-05-27 04:57:59: a user connected: USZg1gpHjFGbMqKfAABj
2026-05-27 04:58:00: a user connected: 32YPtah-YUcDoDuTAADl
2026-05-27 04:58:01: a user connected: 4GD7rNK1eVOxdmFzAABl
2026-05-27 04:58:02: a user connected: p_uIIS4-AoINbXe6AADn
2026-05-27 04:58:04: a user connected: hy74F2mwoQdIchfrAABn
2026-05-27 04:58:05: a user connected: iPcSmqhSRh1yYkJAAADp
2026-05-27 04:58:06: a user connected: djaNpr5njBf9wgHNAABp
2026-05-27 04:58:08: a user connected: qM-BO_3AXbFaK8r6AADr
2026-05-27 04:58:10: a user connected: DCOQueZIdzggDCuwAABr
2026-05-27 04:58:11: a user connected: tlCKkfc31ol6yozKAADt
2026-05-27 04:58:12: a user connected: j_yxIhMJ6IZyLeUwAABt
2026-05-27 04:58:13: a user connected: EBjbGI6ME37ysSSrAADv
2026-05-27 04:58:14: a user connected: uUJZzHbViwVr_YsiAABv
2026-05-27 04:58:16: a user connected: 8cLuleRZ88xk4-tZAADx
2026-05-27 04:58:17: a user connected: cxd1BAUUIMU93979AABx
2026-05-27 04:58:19: a user connected: vtDr0gmKEnxQR3xGAABz
2026-05-27 04:58:21: a user connected: GJn-KPB7I_4YdZR4AADz
2026-05-27 04:58:23: a user connected: CUYnUXBwqBKrJ9jCAAB1
2026-05-27 04:58:24: a user connected: up3lCEQQejODbxokAAD1
2026-05-27 04:58:26: a user connected: Z6z69TG4E7MksGdaAAB3
2026-05-27 04:58:27: a user connected: 0TLLxHTgz_xe1aNSAAD3
2026-05-27 04:58:28: a user connected: LH31d5ab2vERxWYFAAB5
2026-05-27 04:58:29: a user connected: WaT65yatrS8Kn4_BAAD5
2026-05-27 04:58:31: a user connected: U5bv9dJmuJTejOSpAAB7
2026-05-27 04:58:33: a user connected: _d-gZLjYAujtu6WzAAD7
2026-05-27 04:58:35: a user connected: h8_47J_5WSIe9n7GAAB9
2026-05-27 04:58:37: a user connected: pPsLxjFZUr6uLhKLAAD9
2026-05-27 04:58:38: a user connected: O3MhHWSGtP7JtOgVAAB_
2026-05-27 04:58:40: a user connected: OyjyGQI7RgjND50wAAD_
2026-05-27 04:58:41: a user connected: Se2GtHM7GL2ZGmV5AACB
2026-05-27 04:58:43: a user connected: VmDXCiQqmrF790HOAAEB
2026-05-27 04:58:45: a user connected: -14SvFc1--3jKdEyAACD
2026-05-27 04:58:47: a user connected: Nkkj5HTU1cus_RlTAAED
2026-05-27 04:58:49: a user connected: jCpdUXSmIE2skmOxAACF
2026-05-27 04:58:51: a user connected: IUp9CMn-i_BI0_mHAAEF
2026-05-27 04:58:53: a user connected: ASj0odzJ6eOI3UlzAACH
2026-05-27 04:58:55: a user connected: G8ZyQmSC3LRhUpqmAAEH
2026-05-27 04:58:57: a user connected: _jwrzwsTWSm52ij6AACJ
2026-05-27 04:58:58: a user connected: dlhjejLGOP9Xl7CkAAEJ
2026-05-27 04:59:00: a user connected: Qll_lvgql9dlpMt2AAEL
2026-05-27 04:59:01: a user connected: eSc4zSHCBQ4BJNdYAACL
2026-05-27 04:59:02: a user connected: X3OomCX80dSVDdIrAAEN
2026-05-27 04:59:04: a user connected: Dwr1qObgZduCx4tjAACN
2026-05-27 04:59:05: a user connected: -y76Ikl6BVSjexfyAAEP
2026-05-27 04:59:06: a user connected: 0cwk0P7bTwu4mf1OAACP
2026-05-27 04:59:08: a user connected: m47_SoYCF4lcDyTVAAER
2026-05-27 04:59:10: a user connected: rc7ZYpq2HN4nWDNOAACR
2026-05-27 04:59:12: a user connected: ddlek4jmYA9ytAZwAAET
2026-05-27 04:59:13: a user connected: RcC1W-7Yecsc9XiYAACT
2026-05-27 04:59:39: a user connected: 5NQLso4mitiWLnXAAAET
2026-05-27 04:59:41: a user connected: QVHw3nd3siyfKXaMAACV
2026-05-27 04:59:43: a user connected: ZXBPhDH_cHCjoYAAAAEV
2026-05-27 04:59:45: a user connected: RPYhm5YZG6lg4NNDAACX
2026-05-27 04:59:46: a user connected: 9N3ka2sHdzZT1qkHAAEX
2026-05-27 04:59:48: a user connected: yFh-eo_zzcRNnX7QAACZ
2026-05-27 04:59:49: a user connected: gs_nzp3ryt-ySX1OAACb
2026-05-27 04:59:50: a user connected: -PjR9C5mmj6RlMUBAAEZ
2026-05-27 04:59:52: a user connected: ZYquETwspswxE2PQAACd
2026-05-27 04:59:53: a user connected: 6dMnkszskPNxHmcMAAEb
2026-05-27 04:59:55: a user connected: kDOIOpZ7L2lbGAR_AAEd
2026-05-27 04:59:57: a user connected: V4Q32b2ablTOLJBIAACf
2026-05-27 04:59:59: a user connected: FfeMh9byv9JzJ7npAAEf
2026-05-27 05:00:01: a user connected: 804Q0-RYTD41iPtzAACh
2026-05-27 05:00:02: a user connected: v4Otgd_YQ-7dXa2AAAEh
2026-05-27 05:00:03: a user connected: CFIqRZVPtjuYGzGFAACj
2026-05-27 05:00:05: a user connected: _5tthGJdQJue5yR0AAEj
2026-05-27 05:00:06: a user connected: 2PtHCYb0exCYNpCYAACl
2026-05-27 05:00:08: a user connected: qATucA7o4Kjris05AAEl
2026-05-27 05:00:09: a user connected: VMswE0k-07wrnOdVAACn
2026-05-27 05:00:11: a user connected: 1J1QYvXmqNGYFP76AAEn
2026-05-27 05:00:12: a user connected: uyfQnD-pyIc6GlyWAACp
2026-05-27 05:00:14: a user connected: iwnfTi68El9i099KAAEp
2026-05-27 05:00:16: a user connected: qlgX4pGw_6RnQOwBAACr
2026-05-27 05:00:17: a user connected: HPmIP6lLNa5MvXy8AAEr
2026-05-27 05:00:19: a user connected: auh2RzyjUtZA-ADhAACt
2026-05-27 05:00:21: a user connected: ulEh_5uhm1zNt3MzAAEt
2026-05-27 05:00:22: a user connected: C5sOGBEctSfBLQkBAACv
2026-05-27 05:00:24: a user connected: S5gJshRvLQWBhCskAAEv
2026-05-27 05:00:26: a user connected: 5O9sCfmKNG6pmIlhAACx
2026-05-27 05:00:28: a user connected: O4gyBSgiBVn6926mAAEx
2026-05-27 05:00:30: a user connected: oxK-blFInY90QtmJAACz
2026-05-27 05:00:31: a user connected: B6ixX8TN90o7vmfMAAEz
2026-05-27 05:00:33: a user connected: U4mIEA3f2tTUIzg7AAC1
2026-05-27 05:00:34: a user connected: gOAnymEWdA1sbFxSAAE1
2026-05-27 05:00:35: a user connected: QPoit0QaL-_2TWyHAAC3
2026-05-27 05:00:37: a user connected: EwI2rYLGAbj0JkpFAAE3
2026-05-27 05:00:39: a user connected: zx1Ig_TVhhlMiyRoAAC5
2026-05-27 05:00:41: a user connected: bCR4bAoaFzKwMDTTAAE5
2026-05-27 05:00:43: a user connected: 6r78Q6qywQ8U0TiFAAC7
2026-05-27 05:00:45: a user connected: 685K4hP2X3qo-bgKAAE7
2026-05-27 05:00:46: a user connected: eNBPmbRMoH8QNrbRAAC9
2026-05-27 05:00:48: a user connected: MB1qqt6jC_nG9BzhAAE9
2026-05-27 05:00:50: a user connected: QSEopHYKZHlETdZYAAC_
2026-05-27 05:00:51: a user connected: VS9hwHxwnPfu7Fy7AAE_
2026-05-27 05:00:53: a user connected: LCjCwsAtEHW1pDfpAADB
2026-05-27 05:00:55: a user connected: _ckz1ci53mqTitaXAAFB
2026-05-27 05:00:57: a user connected: wlz7oLgCgbhpgChvAADD
2026-05-27 05:00:59: a user connected: u8yHOEJLIarLaxjvAAFD
2026-05-27 05:01:00: a user connected: wDmyaPyzF6SXoGvJAADF
2026-05-27 05:01:02: a user connected: FQxtcmppvIlpWx51AAFF
2026-05-27 05:01:03: a user connected: BEH_cGNF9nqpe0foAADH
2026-05-27 05:01:05: a user connected: 9KKN23jYMM1XUfwtAAFH
2026-05-27 05:01:06: a user connected: a6sJLLQAsX5t2w69AADJ
2026-05-27 05:01:08: a user connected: x5ZHeBpXUTP_uUFAAAFJ
2026-05-27 05:01:10: a user connected: yIdDyxoQApeFKlyKAADL
2026-05-27 05:01:12: a user connected: EmP5z_vqyJeLkMKzAAFL
2026-05-27 05:01:14: a user connected: _KJSfiFEaTuwm5L9AADN
2026-05-27 05:01:16: a user connected: IqbIufgTibtQg7qWAAFN
2026-05-27 05:01:18: a user connected: 9gwQCW6YOjAanwHnAADP
2026-05-27 05:01:19: a user connected: LyuEytetv4QYBQclAAFP
2026-05-27 05:02:10: a user connected: QI6fkZjQ4H24y30nAAHJ
2026-05-27 05:02:36: a user connected: uBG-Jz9oL42En7OmAAEV
2026-05-27 05:02:37: a user connected: 3MI6WF7iUCDipA1FAAHL
2026-05-27 05:02:38: a user connected: 7vT0qtLvC36vxIV9AAEX
2026-05-27 05:02:40: a user connected: 1OVN4z0zz6YLZKqwAAHN
2026-05-27 05:02:42: a user connected: MNL_Yw_G-68Badg3AAEZ
2026-05-27 05:02:43: a user connected: wpEHF1LJ_nGaro6iAAHP
2026-05-27 05:02:45: a user connected: Ux4msTlmTOoNOKokAAEb
2026-05-27 05:02:46: a user connected: zPfYQ8HJgqVA4iOyAAHR
2026-05-27 05:02:48: a user connected: N3YJ4tfT5KQ1Pz9BAAEd
2026-05-27 05:02:49: a user connected: PxjJ4vCWO28aWxNvAAHT
2026-05-27 05:02:51: a user connected: FTUmTu9Vkdc5A5M_AAEf
2026-05-27 05:02:52: a user connected: cggFEORNTntADxSTAAHV
2026-05-27 05:02:53: a user connected: Cpt4VY4tpAWdRMhAAAEh
2026-05-27 05:02:54: a user connected: wfEYDvurPo6ZjxA3AAHX
2026-05-27 05:02:56: a user connected: SlZntOYQK9Ohjw1MAAEj
2026-05-27 05:02:57: a user connected: ONRX5A8za4O6GO95AAHZ
2026-05-27 05:02:59: a user connected: gLnwhOKrzILAWO1DAAEl
2026-05-27 05:03:01: a user connected: 2VNMY7Lzy6F3i9qdAAHb
2026-05-27 05:03:03: a user connected: wzLUn6-sSbTIeuSQAAEn
2026-05-27 05:03:04: a user connected: vi9VftfvJlWIuhiDAAHd
2026-05-27 05:03:06: a user connected: UerQq8GSYq2vqLt1AAEp
2026-05-27 05:03:08: a user connected: -v204kbPpbx_2xc8AAHf
2026-05-27 05:03:10: a user connected: 4CmFAaf5DHJv197qAAEr
2026-05-27 05:03:12: a user connected: XyoAy7XXyn85YuL7AAHh
2026-05-27 05:03:13: a user connected: 6XksgfgpqlMc2H60AAEt
2026-05-27 05:03:14: a user connected: w5ILMtjBm_5WCxyNAAHj
2026-05-27 05:03:15: a user connected: -dF3OJdBKjLeKVaJAAEv
2026-05-27 05:03:42: a user connected: 1RNNiqjobtH9AjjXAABV
2026-05-27 05:03:44: a user connected: fkCfWy54efJhH1woAAEx
2026-05-27 05:03:45: a user connected: 7QGsZSlUuCZyMvO9AABX
2026-05-27 05:03:46: a user connected: YCxj23o4k342z9uOAAEz
2026-05-27 05:03:47: a user connected: ZiR_NKOnCnQm_9R3AABZ
2026-05-27 05:03:48: a user connected: WBgr5i2myD1OwYXlAAE1
2026-05-27 05:03:50: a user connected: 9iRNhVRV31tuzrQmAABb
2026-05-27 05:03:52: a user connected: ZeHRGabOlzL-zZ-IAAE3
2026-05-27 05:03:54: a user connected: L1XER0ravF8n2ev7AABd
2026-05-27 05:03:55: a user connected: _OItr51Ocgr-nBBLAAE5
2026-05-27 05:03:57: a user connected: oytaUHVf8Prv1mM_AABf
2026-05-27 05:03:58: a user connected: cD5KTWq4CehrgLttAAE7
2026-05-27 05:04:00: a user connected: d943T5Vc_TSdOYLWAABh
2026-05-27 05:04:01: a user connected: n9scjWNO4mM5VOyoAAE9
2026-05-27 05:04:03: a user connected: 6du4XOSlLhGdn__8AABj
2026-05-27 05:04:05: a user connected: NazrClbI3HRXbnYuAAE_
2026-05-27 05:04:07: a user connected: X9bY0FOKHBJ66A2YAABl
2026-05-27 05:04:09: a user connected: eQOxL5p_orR93eAjAAFB
2026-05-27 05:04:11: a user connected: jGj4SL_NUEKdg3FjAABn
2026-05-27 05:04:12: a user connected: iztZY7VZuthkuLxJAAFD
2026-05-27 05:04:14: a user connected: Ed9XemUdAxqQSIdUAABp
2026-05-27 05:04:16: a user connected: H0NKq72Jyps-eJ_KAAFF
2026-05-27 05:04:18: a user connected: Ibvmut1u-ST-NB_2AABr
2026-05-27 05:04:19: a user connected: uq2DWxfg_sMUqT1NAAFH
2026-05-27 05:04:20: a user connected: MXGMJgCWXX3WX96WAABt
2026-05-27 05:04:21: a user connected: FFfc0K9JkmNalTgUAAFJ
2026-05-27 05:04:22: a user connected: W6AJ0alr2UWR5WEbAABv
2026-05-27 05:04:23: a user connected: OMQpI5hVOTYpoMtKAAFL
2026-05-27 05:04:24: a user connected: RUHGjXoOc9WFDYXiAAFN
2026-05-27 05:04:26: a user connected: GzPFJQGcqxmB51JTAABx
2026-05-27 05:04:27: a user connected: _xbOyVlXlE4p8mSaAAFP
